<?xml version="1.0" encoding="UTF-8"?>
<testng-results skipped="0" failed="0" total="3" passed="3">
  <reporter-output>
  </reporter-output>
  <suite name="Default suite" duration-ms="12006" started-at="2020-11-17T02:57:08Z" finished-at="2020-11-17T02:57:20Z">
    <groups>
    </groups>
    <test name="Default test" duration-ms="12006" started-at="2020-11-17T02:57:08Z" finished-at="2020-11-17T02:57:20Z">
      <class name="api.Topic_01_Check_Environment">
        <test-method status="PASS" signature="beforeClass()[pri:0, instance:api.Topic_01_Check_Environment@48eff760]" name="beforeClass" is-config="true" duration-ms="11279" started-at="2020-11-17T09:57:08Z" finished-at="2020-11-17T09:57:19Z">
          <reporter-output>
          </reporter-output>
        </test-method> <!-- beforeClass -->
        <test-method status="PASS" signature="TC_01_ValidateCurrentUrl()[pri:0, instance:api.Topic_01_Check_Environment@48eff760]" name="TC_01_ValidateCurrentUrl" duration-ms="22" started-at="2020-11-17T09:57:19Z" finished-at="2020-11-17T09:57:19Z">
          <reporter-output>
          </reporter-output>
        </test-method> <!-- TC_01_ValidateCurrentUrl -->
        <test-method status="PASS" signature="TC_02_ValidatePageTitle()[pri:0, instance:api.Topic_01_Check_Environment@48eff760]" name="TC_02_ValidatePageTitle" duration-ms="16" started-at="2020-11-17T09:57:19Z" finished-at="2020-11-17T09:57:19Z">
          <reporter-output>
          </reporter-output>
        </test-method> <!-- TC_02_ValidatePageTitle -->
        <test-method status="PASS" signature="TC_03_LoginFormDisplayed()[pri:0, instance:api.Topic_01_Check_Environment@48eff760]" name="TC_03_LoginFormDisplayed" duration-ms="91" started-at="2020-11-17T09:57:19Z" finished-at="2020-11-17T09:57:19Z">
          <reporter-output>
          </reporter-output>
        </test-method> <!-- TC_03_LoginFormDisplayed -->
        <test-method status="PASS" signature="afterClass()[pri:0, instance:api.Topic_01_Check_Environment@48eff760]" name="afterClass" is-config="true" duration-ms="580" started-at="2020-11-17T09:57:19Z" finished-at="2020-11-17T09:57:20Z">
          <reporter-output>
          </reporter-output>
        </test-method> <!-- afterClass -->
      </class> <!-- api.Topic_01_Check_Environment -->
    </test> <!-- Default test -->
  </suite> <!-- Default suite -->
</testng-results>
